Using pre-set license
Built from '2020.3/release' branch; Version is '2020.3.27f1 (e759542391ea) revision 15161684'; Using compiler version '192528614'; Build Type 'Release'
OS: 'Windows 10  (10.0.19044) 64bit Professional' Language: 'ja' Physical Memory: 16229 MB
BatchMode: 1, IsHumanControllingUs: 0, StartBugReporterOnCrash: 0, Is64bit: 1, IsPro: 0

COMMAND LINE ARGUMENTS:
C:\Users\izumo\OneDrive\Unity\Unity Hub\2020.3.27f1\Editor\Unity.exe
-adb2
-batchMode
-noUpm
-name
AssetImportWorker0
-projectPath
C:/Users/izumo/OneDrive/ドキュメント/GitHub/re.main/GameAward
-logFile
Logs/AssetImportWorker0.log
-srvPort
58154
Successfully changed project path to: C:/Users/izumo/OneDrive/ドキュメント/GitHub/re.main/GameAward
C:/Users/izumo/OneDrive/ドキュメント/GitHub/re.main/GameAward
Using Asset Import Pipeline V2.
Refreshing native plugins compatible for Editor in 131.99 ms, found 2 plugins.
Preloading 0 native plugins for Editor in 0.00 ms.
Initialize engine version: 2020.3.27f1 (e759542391ea)
[Subsystems] Discovering subsystems at path C:/Users/izumo/OneDrive/Unity/Unity Hub/2020.3.27f1/Editor/Data/Resources/UnitySubsystems
[Subsystems] Discovering subsystems at path C:/Users/izumo/OneDrive/ドキュメント/GitHub/re.main/GameAward/Assets
GfxDevice: creating device client; threaded=0
Direct3D:
    Version:  Direct3D 11.0 [level 11.1]
    Renderer: NVIDIA GeForce GTX 1650 with Max-Q Design (ID=0x1f91)
    Vendor:   
    VRAM:     3962 MB
    Driver:   25.21.14.1788
Initialize mono
Mono path[0] = 'C:/Users/izumo/OneDrive/Unity/Unity Hub/2020.3.27f1/Editor/Data/Managed'
Mono path[1] = 'C:/Users/izumo/OneDrive/Unity/Unity Hub/2020.3.27f1/Editor/Data/MonoBleedingEdge/lib/mono/unityjit'
Mono config path = 'C:/Users/izumo/OneDrive/Unity/Unity Hub/2020.3.27f1/Editor/Data/MonoBleedingEdge/etc'
Using monoOptions --debugger-agent=transport=dt_socket,embedding=1,server=y,suspend=n,address=127.0.0.1:56580
Begin MonoManager ReloadAssembly
Registering precompiled unity dll's ...
Register platform support module: C:/Users/izumo/OneDrive/Unity/Unity Hub/2020.3.27f1/Editor/Data/PlaybackEngines/WebGLSupport/UnityEditor.WebGL.Extensions.dll
Register platform support module: C:/Users/izumo/OneDrive/Unity/Unity Hub/2020.3.27f1/Editor/Data/PlaybackEngines/WindowsStandaloneSupport/UnityEditor.WindowsStandalone.Extensions.dll
Registered in 0.008188 seconds.
Native extension for WindowsStandalone target not found
Native extension for WebGL target not found
Refreshing native plugins compatible for Editor in 82.52 ms, found 2 plugins.
Preloading 0 native plugins for Editor in 0.00 ms.
Mono: successfully reloaded assembly
- Completed reload, in  1.225 seconds
Domain Reload Profiling:
	ReloadAssembly (1226ms)
		BeginReloadAssembly (178ms)
			ExecutionOrderSort (0ms)
			DisableScriptedObjects (0ms)
			BackupInstance (0ms)
			ReleaseScriptingObjects (0ms)
			CreateAndSetChildDomain (2ms)
		EndReloadAssembly (867ms)
			LoadAssemblies (161ms)
			RebuildTransferFunctionScriptingTraits (0ms)
			SetupTypeCache (274ms)
			ReleaseScriptCaches (0ms)
			RebuildScriptCaches (49ms)
			SetupLoadedEditorAssemblies (337ms)
				LogAssemblyErrors (0ms)
				InitializePlatformSupportModulesInManaged (10ms)
				SetLoadedEditorAssemblies (1ms)
				RefreshPlugins (83ms)
				BeforeProcessingInitializeOnLoad (30ms)
				ProcessInitializeOnLoadAttributes (162ms)
				ProcessInitializeOnLoadMethodAttributes (52ms)
				AfterProcessingInitializeOnLoad (0ms)
				EditorAssembliesLoaded (0ms)
			ExecutionOrderSort2 (0ms)
			AwakeInstancesAfterBackupRestoration (0ms)
Platform modules already initialized, skipping
Registering precompiled user dll's ...
Registered in 0.012817 seconds.
Begin MonoManager ReloadAssembly
Symbol file data-00000262F57DC220 doesn't match image C:\Users\izumo\OneDrive\ドキュメント\GitHub\re.main\GameAward\Library\ScriptAssemblies\Unity.Services.Core.Editor.dll
Symbol file LoadedFromMemory is not a mono symbol file
Symbol file data-00000262F56CD640 doesn't match image C:\Users\izumo\OneDrive\ドキュメント\GitHub\re.main\GameAward\Library\ScriptAssemblies\Unity.VSCode.Editor.dll
Symbol file LoadedFromMemory is not a mono symbol file
Symbol file data-00000262F580BE90 doesn't match image C:\Users\izumo\OneDrive\ドキュメント\GitHub\re.main\GameAward\Library\ScriptAssemblies\Unity.TextMeshPro.Editor.dll
Symbol file LoadedFromMemory is not a mono symbol file
Symbol file data-00000262F5AE8220 doesn't match image C:\Users\izumo\OneDrive\ドキュメント\GitHub\re.main\GameAward\Library\ScriptAssemblies\Unity.VisualStudio.Editor.dll
Symbol file LoadedFromMemory is not a mono symbol file
Symbol file data-00000262F5AE8220 doesn't match image C:\Users\izumo\OneDrive\ドキュメント\GitHub\re.main\GameAward\Library\ScriptAssemblies\UnityEngine.TestRunner.dll
Symbol file LoadedFromMemory is not a mono symbol file
Symbol file data-00000262F5B59010 doesn't match image C:\Users\izumo\OneDrive\ドキュメント\GitHub\re.main\GameAward\Library\ScriptAssemblies\Unity.Timeline.Editor.dll
Symbol file LoadedFromMemory is not a mono symbol file
Symbol file data-00000262F58216A0 doesn't match image C:\Users\izumo\OneDrive\ドキュメント\GitHub\re.main\GameAward\Library\ScriptAssemblies\Unity.Timeline.dll
Symbol file LoadedFromMemory is not a mono symbol file
Symbol file data-00000262F5B59010 doesn't match image C:\Users\izumo\OneDrive\ドキュメント\GitHub\re.main\GameAward\Library\ScriptAssemblies\Unity.TextMeshPro.dll
Symbol file LoadedFromMemory is not a mono symbol file
Symbol file data-00000262F5440C30 doesn't match image C:\Users\izumo\OneDrive\ドキュメント\GitHub\re.main\GameAward\Library\ScriptAssemblies\Unity.CollabProxy.Editor.dll
Symbol file LoadedFromMemory is not a mono symbol file
Symbol file data-00000262F5440C30 doesn't match image C:\Users\izumo\OneDrive\ドキュメント\GitHub\re.main\GameAward\Library\ScriptAssemblies\UnityEditor.TestRunner.dll
Symbol file LoadedFromMemory is not a mono symbol file
Symbol file data-00000262F5BE6C30 doesn't match image C:\Users\izumo\OneDrive\ドキュメント\GitHub\re.main\GameAward\Library\ScriptAssemblies\UnityEditor.UI.dll
Symbol file LoadedFromMemory is not a mono symbol file
Symbol file data-00000262F59DE020 doesn't match image C:\Users\izumo\OneDrive\ドキュメント\GitHub\re.main\GameAward\Library\ScriptAssemblies\Unity.InputSystem.dll
Symbol file LoadedFromMemory is not a mono symbol file
Symbol file data-00000262F5BE6C30 doesn't match image C:\Users\izumo\OneDrive\ドキュメント\GitHub\re.main\GameAward\Library\ScriptAssemblies\Unity.Rider.Editor.dll
Symbol file LoadedFromMemory is not a mono symbol file
Symbol file data-00000262F5B81620 doesn't match image C:\Users\izumo\OneDrive\ドキュメント\GitHub\re.main\GameAward\Library\ScriptAssemblies\UnityEngine.UI.dll
Symbol file LoadedFromMemory is not a mono symbol file
Symbol file data-00000262F5E1E020 doesn't match image C:\Users\izumo\OneDrive\ドキュメント\GitHub\re.main\GameAward\Library\ScriptAssemblies\Unity.PlasticSCM.Editor.dll
Symbol file LoadedFromMemory is not a mono symbol file
Native extension for WindowsStandalone target not found
Native extension for WebGL target not found
Refreshing native plugins compatible for Editor in 117.37 ms, found 2 plugins.
Preloading 0 native plugins for Editor in 0.00 ms.
Mono: successfully reloaded assembly
- Completed reload, in  3.468 seconds
Domain Reload Profiling:
	ReloadAssembly (3469ms)
		BeginReloadAssembly (461ms)
			ExecutionOrderSort (0ms)
			DisableScriptedObjects (10ms)
			BackupInstance (0ms)
			ReleaseScriptingObjects (0ms)
			CreateAndSetChildDomain (57ms)
		EndReloadAssembly (2789ms)
			LoadAssemblies (355ms)
			RebuildTransferFunctionScriptingTraits (0ms)
			SetupTypeCache (890ms)
			ReleaseScriptCaches (1ms)
			RebuildScriptCaches (187ms)
			SetupLoadedEditorAssemblies (1015ms)
				LogAssemblyErrors (0ms)
				InitializePlatformSupportModulesInManaged (13ms)
				SetLoadedEditorAssemblies (0ms)
				RefreshPlugins (118ms)
				BeforeProcessingInitializeOnLoad (196ms)
				ProcessInitializeOnLoadAttributes (637ms)
				ProcessInitializeOnLoadMethodAttributes (22ms)
				AfterProcessingInitializeOnLoad (28ms)
				EditorAssembliesLoaded (1ms)
			ExecutionOrderSort2 (0ms)
			AwakeInstancesAfterBackupRestoration (15ms)
Platform modules already initialized, skipping
========================================================================
Worker process is ready to serve import requests
Launched and connected shader compiler UnityShaderCompiler.exe after 0.07 seconds
Refreshing native plugins compatible for Editor in 0.80 ms, found 2 plugins.
Preloading 0 native plugins for Editor in 0.00 ms.
Unloading 2099 Unused Serialized files (Serialized files now loaded: 0)
System memory in use before: 107.5 MB.
System memory in use after: 107.6 MB.

Unloading 23 unused Assets to reduce memory usage. Loaded Objects now: 2554.
Total: 5.382700 ms (FindLiveObjects: 0.229600 ms CreateObjectMapping: 0.133800 ms MarkObjects: 4.821200 ms  DeleteObjects: 0.196500 ms)

AssetImportParameters requested are different than current active one (requested -> active):
  custom:framework-win-MediaFoundation: 216162199b28c13a410421893ffa2e32 -> 
  custom:video-decoder-ogg-theora: a1e56fd34408186e4bbccfd4996cb3dc -> 
  custom:container-muxer-webm: aa71ff27fc2769a1b78a27578f13a17b -> 
  custom:container-demuxer-webm: 4f35f7cbe854078d1ac9338744f61a02 -> 
  custom:container-demuxer-ogg: 62fdf1f143b41e24485cea50d1cbac27 -> 
  custom:video-encoder-webm-vp8: eb34c28f22e8b96e1ab97ce403110664 -> 
  custom:video-decoder-webm-vp8: 9c59270c3fd7afecdb556c50c9e8de78 -> 
  custom:audio-decoder-ogg-vorbis: bf7c407c2cedff20999df2af8eb42d56 -> 
  custom:audio-encoder-webm-vorbis: bf7c407c2cedff20999df2af8eb42d56 -> 
========================================================================
Received Import Request.
  path: Assets/Member/Sawamura/MyScript/Timer/Timer.cs
  artifactKey: Guid(675a87e32a5ddd24b82a2d0933a8e445) Importer(815301076,1909f56bfc062723c751e8b465ee728b)
Start importing Assets/Member/Sawamura/MyScript/Timer/Timer.cs using Guid(675a87e32a5ddd24b82a2d0933a8e445) Importer(815301076,1909f56bfc062723c751e8b465ee728b)  -> (artifact id: '7ab0ac3ffa755494210eb441404ec044') in 0.084472 seconds 
  Import took 0.091433 seconds .

========================================================================
Received Prepare
Registering precompiled user dll's ...
Registered in 0.008060 seconds.
Begin MonoManager ReloadAssembly
Symbol file data-00000262F39403B0 doesn't match image C:\Users\izumo\OneDrive\ドキュメント\GitHub\re.main\GameAward\Library\ScriptAssemblies\Unity.Services.Core.Editor.dll
Symbol file LoadedFromMemory is not a mono symbol file
Symbol file data-00000262FD2D1900 doesn't match image C:\Users\izumo\OneDrive\ドキュメント\GitHub\re.main\GameAward\Library\ScriptAssemblies\Unity.VSCode.Editor.dll
Symbol file LoadedFromMemory is not a mono symbol file
Symbol file data-00000262F38F1E80 doesn't match image C:\Users\izumo\OneDrive\ドキュメント\GitHub\re.main\GameAward\Library\ScriptAssemblies\Unity.TextMeshPro.Editor.dll
Symbol file LoadedFromMemory is not a mono symbol file
Symbol file data-00000262F9A0A080 doesn't match image C:\Users\izumo\OneDrive\ドキュメント\GitHub\re.main\GameAward\Library\ScriptAssemblies\Unity.VisualStudio.Editor.dll
Symbol file LoadedFromMemory is not a mono symbol file
Symbol file data-00000262F5812820 doesn't match image C:\Users\izumo\OneDrive\ドキュメント\GitHub\re.main\GameAward\Library\ScriptAssemblies\UnityEngine.TestRunner.dll
Symbol file LoadedFromMemory is not a mono symbol file
Symbol file data-00000262F6F1FF50 doesn't match image C:\Users\izumo\OneDrive\ドキュメント\GitHub\re.main\GameAward\Library\ScriptAssemblies\Unity.Timeline.Editor.dll
Symbol file LoadedFromMemory is not a mono symbol file
Symbol file data-00000262F724DE40 doesn't match image C:\Users\izumo\OneDrive\ドキュメント\GitHub\re.main\GameAward\Library\ScriptAssemblies\Unity.Timeline.dll
Symbol file LoadedFromMemory is not a mono symbol file
Symbol file data-00000262F3B3AEB0 doesn't match image C:\Users\izumo\OneDrive\ドキュメント\GitHub\re.main\GameAward\Library\ScriptAssemblies\Unity.TextMeshPro.dll
Symbol file LoadedFromMemory is not a mono symbol file
Symbol file data-00000262F724DE40 doesn't match image C:\Users\izumo\OneDrive\ドキュメント\GitHub\re.main\GameAward\Library\ScriptAssemblies\Unity.CollabProxy.Editor.dll
Symbol file LoadedFromMemory is not a mono symbol file
Symbol file data-00000262F38F1E80 doesn't match image C:\Users\izumo\OneDrive\ドキュメント\GitHub\re.main\GameAward\Library\ScriptAssemblies\UnityEditor.TestRunner.dll
Symbol file LoadedFromMemory is not a mono symbol file
Symbol file data-00000262F3B634C0 doesn't match image C:\Users\izumo\OneDrive\ドキュメント\GitHub\re.main\GameAward\Library\ScriptAssemblies\UnityEditor.UI.dll
Symbol file LoadedFromMemory is not a mono symbol file
Symbol file data-00000262F8964030 doesn't match image C:\Users\izumo\OneDrive\ドキュメント\GitHub\re.main\GameAward\Library\ScriptAssemblies\Unity.InputSystem.dll
Symbol file LoadedFromMemory is not a mono symbol file
Symbol file data-00000262F9A42C30 doesn't match image C:\Users\izumo\OneDrive\ドキュメント\GitHub\re.main\GameAward\Library\ScriptAssemblies\Unity.Rider.Editor.dll
Symbol file LoadedFromMemory is not a mono symbol file
Symbol file data-00000262F535FA20 doesn't match image C:\Users\izumo\OneDrive\ドキュメント\GitHub\re.main\GameAward\Library\ScriptAssemblies\UnityEngine.UI.dll
Symbol file LoadedFromMemory is not a mono symbol file
Symbol file data-00000262F6F1FF50 doesn't match image C:\Users\izumo\OneDrive\ドキュメント\GitHub\re.main\GameAward\Library\ScriptAssemblies\Unity.PlasticSCM.Editor.dll
Symbol file LoadedFromMemory is not a mono symbol file
Native extension for WindowsStandalone target not found
Native extension for WebGL target not found
Refreshing native plugins compatible for Editor in 0.58 ms, found 2 plugins.
Preloading 0 native plugins for Editor in 0.00 ms.
Mono: successfully reloaded assembly
- Completed reload, in  1.546 seconds
Domain Reload Profiling:
	ReloadAssembly (1547ms)
		BeginReloadAssembly (198ms)
			ExecutionOrderSort (0ms)
			DisableScriptedObjects (6ms)
			BackupInstance (0ms)
			ReleaseScriptingObjects (0ms)
			CreateAndSetChildDomain (50ms)
		EndReloadAssembly (1241ms)
			LoadAssemblies (162ms)
			RebuildTransferFunctionScriptingTraits (0ms)
			SetupTypeCache (432ms)
			ReleaseScriptCaches (1ms)
			RebuildScriptCaches (57ms)
			SetupLoadedEditorAssemblies (463ms)
				LogAssemblyErrors (0ms)
				InitializePlatformSupportModulesInManaged (7ms)
				SetLoadedEditorAssemblies (1ms)
				RefreshPlugins (1ms)
				BeforeProcessingInitializeOnLoad (111ms)
				ProcessInitializeOnLoadAttributes (319ms)
				ProcessInitializeOnLoadMethodAttributes (10ms)
				AfterProcessingInitializeOnLoad (14ms)
				EditorAssembliesLoaded (0ms)
			ExecutionOrderSort2 (0ms)
			AwakeInstancesAfterBackupRestoration (8ms)
Platform modules already initialized, skipping
Refreshing native plugins compatible for Editor in 0.60 ms, found 2 plugins.
Preloading 0 native plugins for Editor in 0.00 ms.
Unloading 2089 Unused Serialized files (Serialized files now loaded: 0)
System memory in use before: 107.3 MB.
System memory in use after: 107.4 MB.

Unloading 16 unused Assets to reduce memory usage. Loaded Objects now: 2556.
Total: 4.072400 ms (FindLiveObjects: 0.198700 ms CreateObjectMapping: 0.117500 ms MarkObjects: 3.734700 ms  DeleteObjects: 0.020500 ms)

AssetImportParameters requested are different than current active one (requested -> active):
  custom:framework-win-MediaFoundation: 216162199b28c13a410421893ffa2e32 -> 
  custom:video-decoder-ogg-theora: a1e56fd34408186e4bbccfd4996cb3dc -> 
  custom:container-muxer-webm: aa71ff27fc2769a1b78a27578f13a17b -> 
  custom:container-demuxer-webm: 4f35f7cbe854078d1ac9338744f61a02 -> 
  custom:container-demuxer-ogg: 62fdf1f143b41e24485cea50d1cbac27 -> 
  custom:video-encoder-webm-vp8: eb34c28f22e8b96e1ab97ce403110664 -> 
  custom:video-decoder-webm-vp8: 9c59270c3fd7afecdb556c50c9e8de78 -> 
  custom:audio-decoder-ogg-vorbis: bf7c407c2cedff20999df2af8eb42d56 -> 
  custom:audio-encoder-webm-vorbis: bf7c407c2cedff20999df2af8eb42d56 -> 
========================================================================
Received Import Request.
  Time since last request: 44.559930 seconds.
  path: Assets/Member/Sawamura/MyScript/Timer/Timer.cs
  artifactKey: Guid(675a87e32a5ddd24b82a2d0933a8e445) Importer(815301076,1909f56bfc062723c751e8b465ee728b)
Start importing Assets/Member/Sawamura/MyScript/Timer/Timer.cs using Guid(675a87e32a5ddd24b82a2d0933a8e445) Importer(815301076,1909f56bfc062723c751e8b465ee728b)  -> (artifact id: '3b04c32a7ba04a80dcbcd4b9ba102527') in 0.010198 seconds 
  Import took 0.014182 seconds .

========================================================================
Received Import Request.
  Time since last request: 23.026563 seconds.
  path: Assets/Member/Kozuki/Compass.prefab
  artifactKey: Guid(e29299f1802b57d408f8514b3dad50d6) Importer(815301076,1909f56bfc062723c751e8b465ee728b)
Start importing Assets/Member/Kozuki/Compass.prefab using Guid(e29299f1802b57d408f8514b3dad50d6) Importer(815301076,1909f56bfc062723c751e8b465ee728b)  -> (artifact id: '1ced63c2cbca5d76158651ddd5f809a8') in 0.118286 seconds 
  Import took 0.122517 seconds .

========================================================================
Received Import Request.
  Time since last request: 0.000407 seconds.
  path: Assets/Member/Kozuki/P_Smoke.prefab
  artifactKey: Guid(f79f5268b7822914a98f726e2bf56ec9) Importer(815301076,1909f56bfc062723c751e8b465ee728b)
Start importing Assets/Member/Kozuki/P_Smoke.prefab using Guid(f79f5268b7822914a98f726e2bf56ec9) Importer(815301076,1909f56bfc062723c751e8b465ee728b)  -> (artifact id: '091dd8a2ef3c06035208a574b0af51d4') in 0.022723 seconds 
  Import took 0.026607 seconds .

========================================================================
Received Import Request.
  Time since last request: 0.000433 seconds.
  path: Assets/Member/Kozuki/Yuka.mat
  artifactKey: Guid(b44dd13d616bdf046b3176d4411eec51) Importer(815301076,1909f56bfc062723c751e8b465ee728b)
Start importing Assets/Member/Kozuki/Yuka.mat using Guid(b44dd13d616bdf046b3176d4411eec51) Importer(815301076,1909f56bfc062723c751e8b465ee728b)  -> (artifact id: '3021cce979b5a31f3e7026eb5cfcb3f5') in 0.087041 seconds 
  Import took 0.090744 seconds .

========================================================================
Received Import Request.
  Time since last request: 0.000375 seconds.
  path: Assets/Member/Kozuki/Hammer.prefab
  artifactKey: Guid(38a6b93e7e6512f4aa462b1977fabfa7) Importer(815301076,1909f56bfc062723c751e8b465ee728b)
Start importing Assets/Member/Kozuki/Hammer.prefab using Guid(38a6b93e7e6512f4aa462b1977fabfa7) Importer(815301076,1909f56bfc062723c751e8b465ee728b)  -> (artifact id: 'ba2c7b373aaa6f96593aff9f6bd4c503') in 0.040283 seconds 
  Import took 0.044391 seconds .

========================================================================
Received Import Request.
  Time since last request: 0.000419 seconds.
  path: Assets/Member/Kozuki/P_Kirakira.prefab
  artifactKey: Guid(078d232bbb4b4974c9773e87bb12e895) Importer(815301076,1909f56bfc062723c751e8b465ee728b)
Start importing Assets/Member/Kozuki/P_Kirakira.prefab using Guid(078d232bbb4b4974c9773e87bb12e895) Importer(815301076,1909f56bfc062723c751e8b465ee728b)  -> (artifact id: '613a843eaef62a4bc6b90cc666c1e29e') in 0.035783 seconds 
  Import took 0.039887 seconds .

========================================================================
Received Import Request.
  Time since last request: 5.880139 seconds.
  path: Assets/Member/Kozuki/Kozk_SceneFolder/CM vcam1Timeline.playable
  artifactKey: Guid(1a05920aeeab3c348b2ff3416a2bbda9) Importer(815301076,1909f56bfc062723c751e8b465ee728b)
Start importing Assets/Member/Kozuki/Kozk_SceneFolder/CM vcam1Timeline.playable using Guid(1a05920aeeab3c348b2ff3416a2bbda9) Importer(815301076,1909f56bfc062723c751e8b465ee728b)  -> (artifact id: '0825bcb5a0cba1749f2a3c86b0c0d6ee') in 0.016584 seconds 
  Import took 0.020548 seconds .

========================================================================
Received Import Request.
  Time since last request: 0.000443 seconds.
  path: Assets/Member/Kozuki/Kozk_SceneFolder/TimelineCameraTimeline.playable
  artifactKey: Guid(4a9a67b53e0f53c4bb77bd4db301dc63) Importer(815301076,1909f56bfc062723c751e8b465ee728b)
Start importing Assets/Member/Kozuki/Kozk_SceneFolder/TimelineCameraTimeline.playable using Guid(4a9a67b53e0f53c4bb77bd4db301dc63) Importer(815301076,1909f56bfc062723c751e8b465ee728b)  -> (artifact id: '41ba04a5e7818b2375cb12e77b32e16f') in 0.010297 seconds 
  Import took 0.013741 seconds .

========================================================================
Received Import Request.
  Time since last request: 2.265224 seconds.
  path: Assets/Member/Kozuki/Kozk_SceneFolder/1-1~5
  artifactKey: Guid(51973d2f95e0a3642a704948d5eca590) Importer(815301076,1909f56bfc062723c751e8b465ee728b)
Start importing Assets/Member/Kozuki/Kozk_SceneFolder/1-1~5 using Guid(51973d2f95e0a3642a704948d5eca590) Importer(815301076,1909f56bfc062723c751e8b465ee728b)  -> (artifact id: 'd1feb3e8f031e63c778db6c94f9aa659') in 0.008049 seconds 
  Import took 0.012554 seconds .

========================================================================
Received Import Request.
  Time since last request: 1.418452 seconds.
  path: Assets/Member/Kozuki/Kozk_SceneFolder/1-1~5/1-5.unity
  artifactKey: Guid(c36a600bef1dbc14ca751a10d6ec3a97) Importer(815301076,1909f56bfc062723c751e8b465ee728b)
Start importing Assets/Member/Kozuki/Kozk_SceneFolder/1-1~5/1-5.unity using Guid(c36a600bef1dbc14ca751a10d6ec3a97) Importer(815301076,1909f56bfc062723c751e8b465ee728b)  -> (artifact id: '69c3cf7b6f65679d6ca5a9622d39b190') in 0.007583 seconds 
  Import took 0.011328 seconds .

========================================================================
Received Import Request.
  Time since last request: 107.338286 seconds.
  path: Assets/Member/Kozuki/Kozk_Script/Game_Over.cs
  artifactKey: Guid(cae23b773df8c9f4c97881b64fedc8f0) Importer(815301076,1909f56bfc062723c751e8b465ee728b)
Start importing Assets/Member/Kozuki/Kozk_Script/Game_Over.cs using Guid(cae23b773df8c9f4c97881b64fedc8f0) Importer(815301076,1909f56bfc062723c751e8b465ee728b)  -> (artifact id: 'a725242337c8e605099fcb18526d40f4') in 0.013095 seconds 
  Import took 0.021546 seconds .

========================================================================
Received Prepare
Registering precompiled user dll's ...
Registered in 0.010532 seconds.
Begin MonoManager ReloadAssembly
Symbol file data-00000262F9686010 doesn't match image C:\Users\izumo\OneDrive\ドキュメント\GitHub\re.main\GameAward\Library\ScriptAssemblies\Unity.Services.Core.Editor.dll
Symbol file LoadedFromMemory is not a mono symbol file
Symbol file data-00000262F678D000 doesn't match image C:\Users\izumo\OneDrive\ドキュメント\GitHub\re.main\GameAward\Library\ScriptAssemblies\Unity.VSCode.Editor.dll
Symbol file LoadedFromMemory is not a mono symbol file
Symbol file data-00000262FA6B2850 doesn't match image C:\Users\izumo\OneDrive\ドキュメント\GitHub\re.main\GameAward\Library\ScriptAssemblies\Unity.TextMeshPro.Editor.dll
Symbol file LoadedFromMemory is not a mono symbol file
Symbol file data-00000262F90D8180 doesn't match image C:\Users\izumo\OneDrive\ドキュメント\GitHub\re.main\GameAward\Library\ScriptAssemblies\Unity.VisualStudio.Editor.dll
Symbol file LoadedFromMemory is not a mono symbol file
Symbol file data-00000262FD12C4C0 doesn't match image C:\Users\izumo\OneDrive\ドキュメント\GitHub\re.main\GameAward\Library\ScriptAssemblies\UnityEngine.TestRunner.dll
Symbol file LoadedFromMemory is not a mono symbol file
Symbol file data-00000262F88F0040 doesn't match image C:\Users\izumo\OneDrive\ドキュメント\GitHub\re.main\GameAward\Library\ScriptAssemblies\Unity.Timeline.Editor.dll
Symbol file LoadedFromMemory is not a mono symbol file
Symbol file data-00000262FA6CFF10 doesn't match image C:\Users\izumo\OneDrive\ドキュメント\GitHub\re.main\GameAward\Library\ScriptAssemblies\Unity.Timeline.dll
Symbol file LoadedFromMemory is not a mono symbol file
Symbol file data-00000262F31A2110 doesn't match image C:\Users\izumo\OneDrive\ドキュメント\GitHub\re.main\GameAward\Library\ScriptAssemblies\Unity.TextMeshPro.dll
Symbol file LoadedFromMemory is not a mono symbol file
Symbol file data-00000262FA56BA80 doesn't match image C:\Users\izumo\OneDrive\ドキュメント\GitHub\re.main\GameAward\Library\ScriptAssemblies\Unity.CollabProxy.Editor.dll
Symbol file LoadedFromMemory is not a mono symbol file
Symbol file data-00000262F5570020 doesn't match image C:\Users\izumo\OneDrive\ドキュメント\GitHub\re.main\GameAward\Library\ScriptAssemblies\UnityEditor.TestRunner.dll
Symbol file LoadedFromMemory is not a mono symbol file
Symbol file data-00000262F51C4010 doesn't match image C:\Users\izumo\OneDrive\ドキュメント\GitHub\re.main\GameAward\Library\ScriptAssemblies\UnityEditor.UI.dll
Symbol file LoadedFromMemory is not a mono symbol file
Symbol file data-00000262F59DE020 doesn't match image C:\Users\izumo\OneDrive\ドキュメント\GitHub\re.main\GameAward\Library\ScriptAssemblies\Unity.InputSystem.dll
Symbol file LoadedFromMemory is not a mono symbol file
Symbol file data-00000262F9686010 doesn't match image C:\Users\izumo\OneDrive\ドキュメント\GitHub\re.main\GameAward\Library\ScriptAssemblies\Unity.Rider.Editor.dll
Symbol file LoadedFromMemory is not a mono symbol file
Symbol file data-00000262FA64E6E0 doesn't match image C:\Users\izumo\OneDrive\ドキュメント\GitHub\re.main\GameAward\Library\ScriptAssemblies\UnityEngine.UI.dll
Symbol file LoadedFromMemory is not a mono symbol file
Symbol file data-00000262FCC1BF10 doesn't match image C:\Users\izumo\OneDrive\ドキュメント\GitHub\re.main\GameAward\Library\ScriptAssemblies\Unity.PlasticSCM.Editor.dll
Symbol file LoadedFromMemory is not a mono symbol file
Native extension for WindowsStandalone target not found
Native extension for WebGL target not found
Refreshing native plugins compatible for Editor in 0.58 ms, found 2 plugins.
Preloading 0 native plugins for Editor in 0.00 ms.
Mono: successfully reloaded assembly
- Completed reload, in  1.584 seconds
Domain Reload Profiling:
	ReloadAssembly (1585ms)
		BeginReloadAssembly (188ms)
			ExecutionOrderSort (0ms)
			DisableScriptedObjects (6ms)
			BackupInstance (0ms)
			ReleaseScriptingObjects (0ms)
			CreateAndSetChildDomain (57ms)
		EndReloadAssembly (1288ms)
			LoadAssemblies (161ms)
			RebuildTransferFunctionScriptingTraits (0ms)
			SetupTypeCache (449ms)
			ReleaseScriptCaches (1ms)
			RebuildScriptCaches (53ms)
			SetupLoadedEditorAssemblies (492ms)
				LogAssemblyErrors (0ms)
				InitializePlatformSupportModulesInManaged (7ms)
				SetLoadedEditorAssemblies (1ms)
				RefreshPlugins (1ms)
				BeforeProcessingInitializeOnLoad (107ms)
				ProcessInitializeOnLoadAttributes (345ms)
				ProcessInitializeOnLoadMethodAttributes (14ms)
				AfterProcessingInitializeOnLoad (17ms)
				EditorAssembliesLoaded (0ms)
			ExecutionOrderSort2 (0ms)
			AwakeInstancesAfterBackupRestoration (9ms)
Platform modules already initialized, skipping
Refreshing native plugins compatible for Editor in 0.93 ms, found 2 plugins.
Preloading 0 native plugins for Editor in 0.00 ms.
Unloading 2089 Unused Serialized files (Serialized files now loaded: 0)
System memory in use before: 110.6 MB.
System memory in use after: 110.7 MB.

Unloading 16 unused Assets to reduce memory usage. Loaded Objects now: 2598.
Total: 3.845600 ms (FindLiveObjects: 0.200000 ms CreateObjectMapping: 0.093400 ms MarkObjects: 3.531500 ms  DeleteObjects: 0.019300 ms)

AssetImportParameters requested are different than current active one (requested -> active):
  custom:framework-win-MediaFoundation: 216162199b28c13a410421893ffa2e32 -> 
  custom:video-decoder-ogg-theora: a1e56fd34408186e4bbccfd4996cb3dc -> 
  custom:container-muxer-webm: aa71ff27fc2769a1b78a27578f13a17b -> 
  custom:container-demuxer-webm: 4f35f7cbe854078d1ac9338744f61a02 -> 
  custom:container-demuxer-ogg: 62fdf1f143b41e24485cea50d1cbac27 -> 
  custom:video-encoder-webm-vp8: eb34c28f22e8b96e1ab97ce403110664 -> 
  custom:video-decoder-webm-vp8: 9c59270c3fd7afecdb556c50c9e8de78 -> 
  custom:audio-decoder-ogg-vorbis: bf7c407c2cedff20999df2af8eb42d56 -> 
  custom:audio-encoder-webm-vorbis: bf7c407c2cedff20999df2af8eb42d56 -> 
========================================================================
Received Prepare
Registering precompiled user dll's ...
Registered in 0.008040 seconds.
Begin MonoManager ReloadAssembly
Symbol file data-00000262F3045010 doesn't match image C:\Users\izumo\OneDrive\ドキュメント\GitHub\re.main\GameAward\Library\ScriptAssemblies\Unity.Services.Core.Editor.dll
Symbol file LoadedFromMemory is not a mono symbol file
Symbol file data-00000264A0063830 doesn't match image C:\Users\izumo\OneDrive\ドキュメント\GitHub\re.main\GameAward\Library\ScriptAssemblies\Unity.VSCode.Editor.dll
Symbol file LoadedFromMemory is not a mono symbol file
Symbol file data-00000262FA6B2850 doesn't match image C:\Users\izumo\OneDrive\ドキュメント\GitHub\re.main\GameAward\Library\ScriptAssemblies\Unity.TextMeshPro.Editor.dll
Symbol file LoadedFromMemory is not a mono symbol file
Symbol file data-00000262F6F59270 doesn't match image C:\Users\izumo\OneDrive\ドキュメント\GitHub\re.main\GameAward\Library\ScriptAssemblies\Unity.VisualStudio.Editor.dll
Symbol file LoadedFromMemory is not a mono symbol file
Symbol file data-00000262F9A0A080 doesn't match image C:\Users\izumo\OneDrive\ドキュメント\GitHub\re.main\GameAward\Library\ScriptAssemblies\UnityEngine.TestRunner.dll
Symbol file LoadedFromMemory is not a mono symbol file
Symbol file data-00000262F9252F40 doesn't match image C:\Users\izumo\OneDrive\ドキュメント\GitHub\re.main\GameAward\Library\ScriptAssemblies\Unity.Timeline.Editor.dll
Symbol file LoadedFromMemory is not a mono symbol file
Symbol file data-00000262F72C7080 doesn't match image C:\Users\izumo\OneDrive\ドキュメント\GitHub\re.main\GameAward\Library\ScriptAssemblies\Unity.Timeline.dll
Symbol file LoadedFromMemory is not a mono symbol file
Symbol file data-000002649FBA9200 doesn't match image C:\Users\izumo\OneDrive\ドキュメント\GitHub\re.main\GameAward\Library\ScriptAssemblies\Unity.TextMeshPro.dll
Symbol file LoadedFromMemory is not a mono symbol file
Symbol file data-00000262F9A0A080 doesn't match image C:\Users\izumo\OneDrive\ドキュメント\GitHub\re.main\GameAward\Library\ScriptAssemblies\Unity.CollabProxy.Editor.dll
Symbol file LoadedFromMemory is not a mono symbol file
Symbol file data-00000262FA69DBB0 doesn't match image C:\Users\izumo\OneDrive\ドキュメント\GitHub\re.main\GameAward\Library\ScriptAssemblies\UnityEditor.TestRunner.dll
Symbol file LoadedFromMemory is not a mono symbol file
Symbol file data-00000262F3A0CE60 doesn't match image C:\Users\izumo\OneDrive\ドキュメント\GitHub\re.main\GameAward\Library\ScriptAssemblies\UnityEditor.UI.dll
Symbol file LoadedFromMemory is not a mono symbol file
Symbol file data-00000262F59DE020 doesn't match image C:\Users\izumo\OneDrive\ドキュメント\GitHub\re.main\GameAward\Library\ScriptAssemblies\Unity.InputSystem.dll
Symbol file LoadedFromMemory is not a mono symbol file
Symbol file data-00000262F3045010 doesn't match image C:\Users\izumo\OneDrive\ドキュメント\GitHub\re.main\GameAward\Library\ScriptAssemblies\Unity.Rider.Editor.dll
Symbol file LoadedFromMemory is not a mono symbol file
Symbol file data-00000262FA64E6E0 doesn't match image C:\Users\izumo\OneDrive\ドキュメント\GitHub\re.main\GameAward\Library\ScriptAssemblies\UnityEngine.UI.dll
Symbol file LoadedFromMemory is not a mono symbol file
Symbol file data-00000262FCB233D0 doesn't match image C:\Users\izumo\OneDrive\ドキュメント\GitHub\re.main\GameAward\Library\ScriptAssemblies\Unity.PlasticSCM.Editor.dll
Symbol file LoadedFromMemory is not a mono symbol file
Native extension for WindowsStandalone target not found
Native extension for WebGL target not found
Refreshing native plugins compatible for Editor in 0.57 ms, found 2 plugins.
Preloading 0 native plugins for Editor in 0.00 ms.
Mono: successfully reloaded assembly
- Completed reload, in  1.544 seconds
Domain Reload Profiling:
	ReloadAssembly (1544ms)
		BeginReloadAssembly (150ms)
			ExecutionOrderSort (0ms)
			DisableScriptedObjects (5ms)
			BackupInstance (0ms)
			ReleaseScriptingObjects (0ms)
			CreateAndSetChildDomain (38ms)
		EndReloadAssembly (1301ms)
			LoadAssemblies (149ms)
			RebuildTransferFunctionScriptingTraits (0ms)
			SetupTypeCache (426ms)
			ReleaseScriptCaches (1ms)
			RebuildScriptCaches (52ms)
			SetupLoadedEditorAssemblies (541ms)
				LogAssemblyErrors (0ms)
				InitializePlatformSupportModulesInManaged (9ms)
				SetLoadedEditorAssemblies (1ms)
				RefreshPlugins (1ms)
				BeforeProcessingInitializeOnLoad (124ms)
				ProcessInitializeOnLoadAttributes (379ms)
				ProcessInitializeOnLoadMethodAttributes (13ms)
				AfterProcessingInitializeOnLoad (14ms)
				EditorAssembliesLoaded (0ms)
			ExecutionOrderSort2 (0ms)
			AwakeInstancesAfterBackupRestoration (9ms)
Platform modules already initialized, skipping
Refreshing native plugins compatible for Editor in 0.57 ms, found 2 plugins.
Preloading 0 native plugins for Editor in 0.00 ms.
Unloading 2089 Unused Serialized files (Serialized files now loaded: 0)
System memory in use before: 110.6 MB.
System memory in use after: 110.7 MB.

Unloading 16 unused Assets to reduce memory usage. Loaded Objects now: 2600.
Total: 3.548100 ms (FindLiveObjects: 0.219200 ms CreateObjectMapping: 0.089300 ms MarkObjects: 3.218700 ms  DeleteObjects: 0.019500 ms)

AssetImportParameters requested are different than current active one (requested -> active):
  custom:framework-win-MediaFoundation: 216162199b28c13a410421893ffa2e32 -> 
  custom:video-decoder-ogg-theora: a1e56fd34408186e4bbccfd4996cb3dc -> 
  custom:container-muxer-webm: aa71ff27fc2769a1b78a27578f13a17b -> 
  custom:container-demuxer-webm: 4f35f7cbe854078d1ac9338744f61a02 -> 
  custom:container-demuxer-ogg: 62fdf1f143b41e24485cea50d1cbac27 -> 
  custom:video-encoder-webm-vp8: eb34c28f22e8b96e1ab97ce403110664 -> 
  custom:video-decoder-webm-vp8: 9c59270c3fd7afecdb556c50c9e8de78 -> 
  custom:audio-decoder-ogg-vorbis: bf7c407c2cedff20999df2af8eb42d56 -> 
  custom:audio-encoder-webm-vorbis: bf7c407c2cedff20999df2af8eb42d56 -> 
AssetImportWorkerClient::OnTransportError - code=2 error=End of file
