<<<<<<< HEAD
=======
<<<<<<< HEAD
<<<<<<< HEAD
<<<<<<< HEAD
Base path: 'C:/Program Files/Unity/Hub/Editor/2020.3.27f1/Editor/Data', plugins path 'C:/Program Files/Unity/Hub/Editor/2020.3.27f1/Editor/Data/PlaybackEngines'
=======
>>>>>>> 5d615b8982bed4c37b68b36b99920b772f3a5c64
Base path: 'C:/Users/nemot/OneDrive/デスクトップ/GE11/suisou1/2020.3.27f1/Editor/Data', plugins path 'C:/Users/nemot/OneDrive/デスクトップ/GE11/suisou1/2020.3.27f1/Editor/Data/PlaybackEngines'
>>>>>>> 9a51ef50a417435c7739c7c7b688783f63a23437
Cmd: initializeCompiler

<<<<<<< HEAD
=======
Unhandled exception: Protocol error - failed to read magic number (error -2147483644, transferred 0/4)

Quitting shader compiler process
=======
=======
>>>>>>> 1e9c29d0f003fb5a5b9da6ff8e8d333d3f935f67
Base path: 'C:/Program Files/Unity/2020.3.27f1/Editor/Data', plugins path 'C:/Program Files/Unity/2020.3.27f1/Editor/Data/PlaybackEngines'
Cmd: initializeCompiler

>>>>>>> 5d615b8982bed4c37b68b36b99920b772f3a5c64
